Started GET "/" for 127.0.0.1 at 2017-09-05 11:42:50 +0100
Processing by Rails::WelcomeController#index as HTML
  Rendering /Users/simmy/.rvm/gems/ruby-2.4.1/gems/railties-5.1.3/lib/rails/templates/rails/welcome/index.html.erb
  Rendered /Users/simmy/.rvm/gems/ruby-2.4.1/gems/railties-5.1.3/lib/rails/templates/rails/welcome/index.html.erb (3.4ms)
Completed 200 OK in 172ms (Views: 8.1ms)


Started GET "/" for 127.0.0.1 at 2017-09-05 11:50:16 +0100
Processing by WelcomeController#index as HTML
  Rendering welcome/index.html.erb within layouts/application
  Rendered welcome/index.html.erb within layouts/application (1.2ms)
Completed 200 OK in 843ms (Views: 700.8ms)


Started GET "/" for 127.0.0.1 at 2017-09-05 11:51:40 +0100
Processing by WelcomeController#index as HTML
  Rendering welcome/index.html.erb within layouts/application
  Rendered welcome/index.html.erb within layouts/application (1.2ms)
Completed 200 OK in 387ms (Views: 175.9ms)


Started GET "/questions" for 127.0.0.1 at 2017-09-05 11:58:56 +0100
  
ActiveRecord::PendingMigrationError (

Migrations are pending. To resolve this issue, run:

        bin/rails db:migrate RAILS_ENV=development

):
  
activerecord (5.1.3) lib/active_record/migration.rb:576:in `check_pending!'
activerecord (5.1.3) lib/active_record/migration.rb:553:in `call'
actionpack (5.1.3) lib/action_dispatch/middleware/callbacks.rb:26:in `block in call'
activesupport (5.1.3) lib/active_support/callbacks.rb:97:in `run_callbacks'
actionpack (5.1.3) lib/action_dispatch/middleware/callbacks.rb:24:in `call'
actionpack (5.1.3) lib/action_dispatch/middleware/executor.rb:12:in `call'
actionpack (5.1.3) lib/action_dispatch/middleware/debug_exceptions.rb:59:in `call'
web-console (3.5.1) lib/web_console/middleware.rb:135:in `call_app'
web-console (3.5.1) lib/web_console/middleware.rb:28:in `block in call'
web-console (3.5.1) lib/web_console/middleware.rb:18:in `catch'
web-console (3.5.1) lib/web_console/middleware.rb:18:in `call'
actionpack (5.1.3) lib/action_dispatch/middleware/show_exceptions.rb:31:in `call'
railties (5.1.3) lib/rails/rack/logger.rb:36:in `call_app'
railties (5.1.3) lib/rails/rack/logger.rb:24:in `block in call'
activesupport (5.1.3) lib/active_support/tagged_logging.rb:69:in `block in tagged'
activesupport (5.1.3) lib/active_support/tagged_logging.rb:26:in `tagged'
activesupport (5.1.3) lib/active_support/tagged_logging.rb:69:in `tagged'
railties (5.1.3) lib/rails/rack/logger.rb:24:in `call'
sprockets-rails (3.2.1) lib/sprockets/rails/quiet_assets.rb:13:in `call'
actionpack (5.1.3) lib/action_dispatch/middleware/remote_ip.rb:79:in `call'
actionpack (5.1.3) lib/action_dispatch/middleware/request_id.rb:25:in `call'
rack (2.0.3) lib/rack/method_override.rb:22:in `call'
rack (2.0.3) lib/rack/runtime.rb:22:in `call'
activesupport (5.1.3) lib/active_support/cache/strategy/local_cache_middleware.rb:27:in `call'
actionpack (5.1.3) lib/action_dispatch/middleware/executor.rb:12:in `call'
actionpack (5.1.3) lib/action_dispatch/middleware/static.rb:125:in `call'
rack (2.0.3) lib/rack/sendfile.rb:111:in `call'
railties (5.1.3) lib/rails/engine.rb:522:in `call'
puma (3.10.0) lib/puma/configuration.rb:225:in `call'
puma (3.10.0) lib/puma/server.rb:605:in `handle_request'
puma (3.10.0) lib/puma/server.rb:437:in `process_client'
puma (3.10.0) lib/puma/server.rb:301:in `block in run'
puma (3.10.0) lib/puma/thread_pool.rb:120:in `block in spawn_thread'
  [1m[35m (0.1ms)[0m  [1m[34mSELECT sqlite_version(*)[0m
  [1m[35m (1.8ms)[0m  [1m[35mCREATE TABLE "schema_migrations" ("version" varchar NOT NULL PRIMARY KEY)[0m
  [1m[35m (1.3ms)[0m  [1m[35mCREATE TABLE "ar_internal_metadata" ("key" varchar NOT NULL PRIMARY KEY, "value" varchar, "created_at" datetime NOT NULL, "updated_at" datetime NOT NULL)[0m
  [1m[35m (0.1ms)[0m  [1m[34mSELECT "schema_migrations"."version" FROM "schema_migrations" ORDER BY "schema_migrations"."version" ASC[0m
Migrating to CreateQuestions (20170905105829)
  [1m[35m (0.1ms)[0m  [1m[36mbegin transaction[0m
  [1m[35m (0.5ms)[0m  [1m[35mCREATE TABLE "questions" ("id" INTEGER PRIMARY KEY AUTOINCREMENT NOT NULL, "script" text, "created_at" datetime NOT NULL, "updated_at" datetime NOT NULL)[0m
  [1m[35mSQL (0.2ms)[0m  [1m[32mINSERT INTO "schema_migrations" ("version") VALUES (?)[0m  [["version", "20170905105829"]]
  [1m[35m (0.6ms)[0m  [1m[36mcommit transaction[0m
  [1m[36mActiveRecord::InternalMetadata Load (0.1ms)[0m  [1m[34mSELECT  "ar_internal_metadata".* FROM "ar_internal_metadata" WHERE "ar_internal_metadata"."key" = ? LIMIT ?[0m  [["key", "environment"], ["LIMIT", 1]]
  [1m[35m (0.1ms)[0m  [1m[36mbegin transaction[0m
  [1m[35mSQL (0.3ms)[0m  [1m[32mINSERT INTO "ar_internal_metadata" ("key", "value", "created_at", "updated_at") VALUES (?, ?, ?, ?)[0m  [["key", "environment"], ["value", "development"], ["created_at", "2017-09-05 10:59:09.766536"], ["updated_at", "2017-09-05 10:59:09.766536"]]
  [1m[35m (0.5ms)[0m  [1m[36mcommit transaction[0m
  [1m[35m (0.1ms)[0m  [1m[34mSELECT "schema_migrations"."version" FROM "schema_migrations" ORDER BY "schema_migrations"."version" ASC[0m
Started GET "/questions" for 127.0.0.1 at 2017-09-05 11:59:24 +0100
  [1m[35m (0.2ms)[0m  [1m[34mSELECT "schema_migrations"."version" FROM "schema_migrations" ORDER BY "schema_migrations"."version" ASC[0m
Processing by QuestionsController#index as HTML
  Rendering questions/index.html.erb within layouts/application
  [1m[36mQuestion Load (0.3ms)[0m  [1m[34mSELECT "questions".* FROM "questions"[0m
  Rendered questions/index.html.erb within layouts/application (3.2ms)
Completed 200 OK in 331ms (Views: 317.0ms | ActiveRecord: 0.6ms)


Started GET "/questions/new" for 127.0.0.1 at 2017-09-05 11:59:28 +0100
Processing by QuestionsController#new as HTML
  Rendering questions/new.html.erb within layouts/application
  Rendered questions/_form.html.erb (19.2ms)
  Rendered questions/new.html.erb within layouts/application (21.3ms)
Completed 200 OK in 55ms (Views: 48.4ms | ActiveRecord: 0.6ms)


Started POST "/questions" for 127.0.0.1 at 2017-09-05 11:59:41 +0100
Processing by QuestionsController#create as HTML
  Parameters: {"utf8"=>"✓", "authenticity_token"=>"qbNmUfWBfzMHI1A62cS1sCO2siPynl6m04QWkOWmz0dtz+aXIQbNGjuFoBND6YOqwYVtpADt/9WivZ0nkAJSuw==", "question"=>{"script"=>"Want to answer a Question?"}, "commit"=>"Create Question"}
  [1m[35m (0.1ms)[0m  [1m[36mbegin transaction[0m
  [1m[35mSQL (0.5ms)[0m  [1m[32mINSERT INTO "questions" ("script", "created_at", "updated_at") VALUES (?, ?, ?)[0m  [["script", "Want to answer a Question?"], ["created_at", "2017-09-05 10:59:41.486078"], ["updated_at", "2017-09-05 10:59:41.486078"]]
  [1m[35m (0.6ms)[0m  [1m[36mcommit transaction[0m
Redirected to http://localhost:3000/questions/1
Completed 302 Found in 6ms (ActiveRecord: 1.2ms)


Started GET "/questions/1" for 127.0.0.1 at 2017-09-05 11:59:41 +0100
Processing by QuestionsController#show as HTML
  Parameters: {"id"=>"1"}
  [1m[36mQuestion Load (0.3ms)[0m  [1m[34mSELECT  "questions".* FROM "questions" WHERE "questions"."id" = ? LIMIT ?[0m  [["id", 1], ["LIMIT", 1]]
  Rendering questions/show.html.erb within layouts/application
  Rendered questions/show.html.erb within layouts/application (1.4ms)
Completed 200 OK in 37ms (Views: 28.5ms | ActiveRecord: 0.3ms)


Started GET "/questions" for 127.0.0.1 at 2017-09-05 11:59:43 +0100
Processing by QuestionsController#index as HTML
  Rendering questions/index.html.erb within layouts/application
  [1m[36mQuestion Load (0.2ms)[0m  [1m[34mSELECT "questions".* FROM "questions"[0m
  Rendered questions/index.html.erb within layouts/application (1.7ms)
Completed 200 OK in 24ms (Views: 20.3ms | ActiveRecord: 0.2ms)


Started GET "/questions/new" for 127.0.0.1 at 2017-09-05 11:59:47 +0100
Processing by QuestionsController#new as HTML
  Rendering questions/new.html.erb within layouts/application
  Rendered questions/_form.html.erb (1.5ms)
  Rendered questions/new.html.erb within layouts/application (3.3ms)
Completed 200 OK in 44ms (Views: 41.4ms | ActiveRecord: 0.0ms)


Started POST "/questions" for 127.0.0.1 at 2017-09-05 11:59:59 +0100
Processing by QuestionsController#create as HTML
  Parameters: {"utf8"=>"✓", "authenticity_token"=>"VU1X72HYchqhGU6jlqPrhptoGbSucZ3ZQZa4vyvx7TKRMdcptV/AM52/vooMjt2ceVvGM1wCPKowrzMIXlVwzg==", "question"=>{"script"=>"Do you want to answer a Second Question?"}, "commit"=>"Create Question"}
  [1m[35m (0.1ms)[0m  [1m[36mbegin transaction[0m
  [1m[35mSQL (0.3ms)[0m  [1m[32mINSERT INTO "questions" ("script", "created_at", "updated_at") VALUES (?, ?, ?)[0m  [["script", "Do you want to answer a Second Question?"], ["created_at", "2017-09-05 10:59:59.409361"], ["updated_at", "2017-09-05 10:59:59.409361"]]
  [1m[35m (2.3ms)[0m  [1m[36mcommit transaction[0m
Redirected to http://localhost:3000/questions/2
Completed 302 Found in 5ms (ActiveRecord: 2.7ms)


Started GET "/questions/2" for 127.0.0.1 at 2017-09-05 11:59:59 +0100
Processing by QuestionsController#show as HTML
  Parameters: {"id"=>"2"}
  [1m[36mQuestion Load (0.2ms)[0m  [1m[34mSELECT  "questions".* FROM "questions" WHERE "questions"."id" = ? LIMIT ?[0m  [["id", 2], ["LIMIT", 1]]
  Rendering questions/show.html.erb within layouts/application
  Rendered questions/show.html.erb within layouts/application (0.7ms)
Completed 200 OK in 24ms (Views: 19.6ms | ActiveRecord: 0.2ms)


Started GET "/questions" for 127.0.0.1 at 2017-09-05 12:00:00 +0100
Processing by QuestionsController#index as HTML
  Rendering questions/index.html.erb within layouts/application
  [1m[36mQuestion Load (0.2ms)[0m  [1m[34mSELECT "questions".* FROM "questions"[0m
  Rendered questions/index.html.erb within layouts/application (2.1ms)
Completed 200 OK in 24ms (Views: 22.2ms | ActiveRecord: 0.2ms)


Started GET "/" for 127.0.0.1 at 2017-09-05 12:02:01 +0100
  [1m[35m (0.2ms)[0m  [1m[34mSELECT "schema_migrations"."version" FROM "schema_migrations" ORDER BY "schema_migrations"."version" ASC[0m
Processing by WelcomeController#index as HTML
  Rendering welcome/index.html.erb within layouts/application
  [1m[36mQuestion Load (0.2ms)[0m  [1m[34mSELECT "questions".* FROM "questions"[0m
  Rendered welcome/index.html.erb within layouts/application (6.3ms)
Completed 200 OK in 220ms (Views: 206.3ms | ActiveRecord: 0.7ms)


Started GET "/" for 127.0.0.1 at 2017-09-05 12:29:46 +0100
  [1m[35m (0.6ms)[0m  [1m[34mSELECT "schema_migrations"."version" FROM "schema_migrations" ORDER BY "schema_migrations"."version" ASC[0m
Processing by WelcomeController#index as HTML
  Rendering welcome/index.html.erb within layouts/application
  [1m[36mQuestion Load (0.5ms)[0m  [1m[34mSELECT "questions".* FROM "questions"[0m
  Rendered welcome/index.html.erb within layouts/application (7.8ms)
Completed 200 OK in 235ms (Views: 222.4ms | ActiveRecord: 1.1ms)


Started GET "/questions" for 127.0.0.1 at 2017-09-05 12:29:49 +0100
Processing by QuestionsController#index as HTML
  Rendering questions/index.html.erb within layouts/application
  [1m[36mQuestion Load (0.2ms)[0m  [1m[34mSELECT "questions".* FROM "questions"[0m
  Rendered questions/index.html.erb within layouts/application (5.3ms)
Completed 200 OK in 49ms (Views: 44.2ms | ActiveRecord: 0.5ms)


Started GET "/" for 127.0.0.1 at 2017-09-05 12:30:45 +0100
  [1m[35m (0.1ms)[0m  [1m[34mSELECT "schema_migrations"."version" FROM "schema_migrations" ORDER BY "schema_migrations"."version" ASC[0m
Processing by WelcomeController#index as HTML
  Rendering welcome/index.html.erb within layouts/application
  [1m[36mQuestion Load (0.2ms)[0m  [1m[34mSELECT "questions".* FROM "questions"[0m
  Rendered welcome/index.html.erb within layouts/application (6.9ms)
Completed 200 OK in 224ms (Views: 211.2ms | ActiveRecord: 0.7ms)


Started GET "/questions" for 127.0.0.1 at 2017-09-05 12:30:47 +0100
Processing by QuestionsController#index as HTML
  Rendering questions/index.html.erb within layouts/application
  [1m[36mQuestion Load (0.1ms)[0m  [1m[34mSELECT "questions".* FROM "questions"[0m
  Rendered questions/index.html.erb within layouts/application (223.4ms)
Completed 500 Internal Server Error in 230ms (ActiveRecord: 0.3ms)


  
ActionView::Template::Error (undefined local variable or method `welcome_path' for #<#<Class:0x007fd79cbd5878>:0x007fd7a10c3e58>
Did you mean?  welcome_index_path):
    26: 
    27: <%= link_to 'New Question', new_question_path %>
    28: 
    29: <p> <%= link_to "Home", welcome_path %> </p>
  
app/views/questions/index.html.erb:29:in `_app_views_questions_index_html_erb___2080020679216107448_70282012176540'
Started GET "/" for 127.0.0.1 at 2017-09-05 12:31:08 +0100
  [1m[35m (0.2ms)[0m  [1m[34mSELECT "schema_migrations"."version" FROM "schema_migrations" ORDER BY "schema_migrations"."version" ASC[0m
Processing by WelcomeController#index as HTML
  Rendering welcome/index.html.erb within layouts/application
  [1m[36mQuestion Load (0.3ms)[0m  [1m[34mSELECT "questions".* FROM "questions"[0m
  Rendered welcome/index.html.erb within layouts/application (6.5ms)
Completed 200 OK in 226ms (Views: 212.6ms | ActiveRecord: 0.8ms)


Started GET "/questions" for 127.0.0.1 at 2017-09-05 12:31:10 +0100
Processing by QuestionsController#index as HTML
  Rendering questions/index.html.erb within layouts/application
  [1m[36mQuestion Load (0.2ms)[0m  [1m[34mSELECT "questions".* FROM "questions"[0m
  Rendered questions/index.html.erb within layouts/application (4.2ms)
Completed 200 OK in 37ms (Views: 32.7ms | ActiveRecord: 0.5ms)


Started GET "/welcome/index" for 127.0.0.1 at 2017-09-05 12:31:11 +0100
Processing by WelcomeController#index as HTML
  Rendering welcome/index.html.erb within layouts/application
  [1m[36mQuestion Load (0.2ms)[0m  [1m[34mSELECT "questions".* FROM "questions"[0m
  Rendered welcome/index.html.erb within layouts/application (1.2ms)
Completed 200 OK in 21ms (Views: 18.5ms | ActiveRecord: 0.2ms)


Started GET "/questions" for 127.0.0.1 at 2017-09-05 12:31:12 +0100
Processing by QuestionsController#index as HTML
  Rendering questions/index.html.erb within layouts/application
  [1m[36mQuestion Load (0.2ms)[0m  [1m[34mSELECT "questions".* FROM "questions"[0m
  Rendered questions/index.html.erb within layouts/application (2.8ms)
Completed 200 OK in 29ms (Views: 26.3ms | ActiveRecord: 0.2ms)


Started GET "/welcome/index" for 127.0.0.1 at 2017-09-05 12:31:14 +0100
Processing by WelcomeController#index as HTML
  Rendering welcome/index.html.erb within layouts/application
  [1m[36mQuestion Load (0.2ms)[0m  [1m[34mSELECT "questions".* FROM "questions"[0m
  Rendered welcome/index.html.erb within layouts/application (1.4ms)
Completed 200 OK in 22ms (Views: 19.5ms | ActiveRecord: 0.2ms)


Started GET "/" for 127.0.0.1 at 2017-09-05 12:34:58 +0100
  [1m[35m (0.2ms)[0m  [1m[34mSELECT "schema_migrations"."version" FROM "schema_migrations" ORDER BY "schema_migrations"."version" ASC[0m
  
ActiveRecord::PendingMigrationError (

Migrations are pending. To resolve this issue, run:

        bin/rails db:migrate RAILS_ENV=development

):
  
activerecord (5.1.3) lib/active_record/migration.rb:576:in `check_pending!'
activerecord (5.1.3) lib/active_record/migration.rb:553:in `call'
actionpack (5.1.3) lib/action_dispatch/middleware/callbacks.rb:26:in `block in call'
activesupport (5.1.3) lib/active_support/callbacks.rb:97:in `run_callbacks'
actionpack (5.1.3) lib/action_dispatch/middleware/callbacks.rb:24:in `call'
actionpack (5.1.3) lib/action_dispatch/middleware/executor.rb:12:in `call'
actionpack (5.1.3) lib/action_dispatch/middleware/debug_exceptions.rb:59:in `call'
web-console (3.5.1) lib/web_console/middleware.rb:135:in `call_app'
web-console (3.5.1) lib/web_console/middleware.rb:28:in `block in call'
web-console (3.5.1) lib/web_console/middleware.rb:18:in `catch'
web-console (3.5.1) lib/web_console/middleware.rb:18:in `call'
actionpack (5.1.3) lib/action_dispatch/middleware/show_exceptions.rb:31:in `call'
railties (5.1.3) lib/rails/rack/logger.rb:36:in `call_app'
railties (5.1.3) lib/rails/rack/logger.rb:24:in `block in call'
activesupport (5.1.3) lib/active_support/tagged_logging.rb:69:in `block in tagged'
activesupport (5.1.3) lib/active_support/tagged_logging.rb:26:in `tagged'
activesupport (5.1.3) lib/active_support/tagged_logging.rb:69:in `tagged'
railties (5.1.3) lib/rails/rack/logger.rb:24:in `call'
sprockets-rails (3.2.1) lib/sprockets/rails/quiet_assets.rb:13:in `call'
actionpack (5.1.3) lib/action_dispatch/middleware/remote_ip.rb:79:in `call'
actionpack (5.1.3) lib/action_dispatch/middleware/request_id.rb:25:in `call'
rack (2.0.3) lib/rack/method_override.rb:22:in `call'
rack (2.0.3) lib/rack/runtime.rb:22:in `call'
activesupport (5.1.3) lib/active_support/cache/strategy/local_cache_middleware.rb:27:in `call'
actionpack (5.1.3) lib/action_dispatch/middleware/executor.rb:12:in `call'
actionpack (5.1.3) lib/action_dispatch/middleware/static.rb:125:in `call'
rack (2.0.3) lib/rack/sendfile.rb:111:in `call'
railties (5.1.3) lib/rails/engine.rb:522:in `call'
puma (3.10.0) lib/puma/configuration.rb:225:in `call'
puma (3.10.0) lib/puma/server.rb:605:in `handle_request'
puma (3.10.0) lib/puma/server.rb:437:in `process_client'
puma (3.10.0) lib/puma/server.rb:301:in `block in run'
puma (3.10.0) lib/puma/thread_pool.rb:120:in `block in spawn_thread'
  [1m[35m (0.1ms)[0m  [1m[34mSELECT "schema_migrations"."version" FROM "schema_migrations" ORDER BY "schema_migrations"."version" ASC[0m
Migrating to CreateMessages (20170905113418)
  [1m[35m (0.1ms)[0m  [1m[36mbegin transaction[0m
  [1m[35m (0.1ms)[0m  [1m[34mSELECT sqlite_version(*)[0m
  [1m[35m (0.4ms)[0m  [1m[35mCREATE TABLE "messages" ("id" INTEGER PRIMARY KEY AUTOINCREMENT NOT NULL, "script" text, "created_at" datetime NOT NULL, "updated_at" datetime NOT NULL)[0m
  [1m[35mSQL (0.6ms)[0m  [1m[32mINSERT INTO "schema_migrations" ("version") VALUES (?)[0m  [["version", "20170905113418"]]
  [1m[35m (0.8ms)[0m  [1m[36mcommit transaction[0m
  [1m[36mActiveRecord::InternalMetadata Load (0.5ms)[0m  [1m[34mSELECT  "ar_internal_metadata".* FROM "ar_internal_metadata" WHERE "ar_internal_metadata"."key" = ? LIMIT ?[0m  [["key", "environment"], ["LIMIT", 1]]
  [1m[35m (0.1ms)[0m  [1m[36mbegin transaction[0m
  [1m[35m (0.1ms)[0m  [1m[36mcommit transaction[0m
  [1m[35m (0.4ms)[0m  [1m[34mSELECT "schema_migrations"."version" FROM "schema_migrations" ORDER BY "schema_migrations"."version" ASC[0m
Started GET "/" for 127.0.0.1 at 2017-09-05 12:35:13 +0100
  [1m[35m (0.2ms)[0m  [1m[34mSELECT "schema_migrations"."version" FROM "schema_migrations" ORDER BY "schema_migrations"."version" ASC[0m
Processing by WelcomeController#index as HTML
  Rendering welcome/index.html.erb within layouts/application
  [1m[36mQuestion Load (0.2ms)[0m  [1m[34mSELECT "questions".* FROM "questions"[0m
  Rendered welcome/index.html.erb within layouts/application (7.5ms)
Completed 200 OK in 356ms (Views: 342.6ms | ActiveRecord: 0.8ms)


Started GET "/messages" for 127.0.0.1 at 2017-09-05 12:35:16 +0100
Processing by MessagesController#index as HTML
  Rendering messages/index.html.erb within layouts/application
  [1m[36mMessage Load (0.3ms)[0m  [1m[34mSELECT "messages".* FROM "messages"[0m
  Rendered messages/index.html.erb within layouts/application (2.6ms)
Completed 200 OK in 29ms (Views: 24.3ms | ActiveRecord: 0.6ms)


Started GET "/messages/new" for 127.0.0.1 at 2017-09-05 12:35:17 +0100
Processing by MessagesController#new as HTML
  Rendering messages/new.html.erb within layouts/application
  Rendered messages/_form.html.erb (27.4ms)
  Rendered messages/new.html.erb within layouts/application (30.4ms)
Completed 200 OK in 67ms (Views: 60.2ms | ActiveRecord: 0.3ms)


Started POST "/messages" for 127.0.0.1 at 2017-09-05 12:35:23 +0100
Processing by MessagesController#create as HTML
  Parameters: {"utf8"=>"✓", "authenticity_token"=>"DcuPZsDsLCoVYYk0Flgi+iDzgWpvmfgTcvYKadSgHWqgluP6YIMlcj5CBKFlrs3NxoiNCL50ok2j1QGDz065wg==", "message"=>{"script"=>"Yes!"}, "commit"=>"Create Message"}
  [1m[35m (0.1ms)[0m  [1m[36mbegin transaction[0m
  [1m[35mSQL (0.4ms)[0m  [1m[32mINSERT INTO "messages" ("script", "created_at", "updated_at") VALUES (?, ?, ?)[0m  [["script", "Yes!"], ["created_at", "2017-09-05 11:35:23.170425"], ["updated_at", "2017-09-05 11:35:23.170425"]]
  [1m[35m (0.8ms)[0m  [1m[36mcommit transaction[0m
Redirected to http://localhost:3000/messages/1
Completed 302 Found in 6ms (ActiveRecord: 1.4ms)


Started GET "/messages/1" for 127.0.0.1 at 2017-09-05 12:35:23 +0100
Processing by MessagesController#show as HTML
  Parameters: {"id"=>"1"}
  [1m[36mMessage Load (0.3ms)[0m  [1m[34mSELECT  "messages".* FROM "messages" WHERE "messages"."id" = ? LIMIT ?[0m  [["id", 1], ["LIMIT", 1]]
  Rendering messages/show.html.erb within layouts/application
  Rendered messages/show.html.erb within layouts/application (1.0ms)
Completed 200 OK in 32ms (Views: 25.4ms | ActiveRecord: 0.3ms)


Started GET "/messages" for 127.0.0.1 at 2017-09-05 12:35:24 +0100
Processing by MessagesController#index as HTML
  Rendering messages/index.html.erb within layouts/application
  [1m[36mMessage Load (0.2ms)[0m  [1m[34mSELECT "messages".* FROM "messages"[0m
  Rendered messages/index.html.erb within layouts/application (2.1ms)
Completed 200 OK in 31ms (Views: 28.9ms | ActiveRecord: 0.2ms)


Started GET "/messages/new" for 127.0.0.1 at 2017-09-05 12:35:26 +0100
Processing by MessagesController#new as HTML
  Rendering messages/new.html.erb within layouts/application
  Rendered messages/_form.html.erb (3.6ms)
  Rendered messages/new.html.erb within layouts/application (6.4ms)
Completed 200 OK in 51ms (Views: 47.0ms | ActiveRecord: 0.0ms)


Started POST "/messages" for 127.0.0.1 at 2017-09-05 12:35:30 +0100
Processing by MessagesController#create as HTML
  Parameters: {"utf8"=>"✓", "authenticity_token"=>"fUE63q6VRAkj9iBrh0pCiZgUoQ/x/vTxepUpvDWuIBDQHFZCDvpNUQjVrf70vK2+fm+tbSATrq+rtiJWLkCEuA==", "message"=>{"script"=>"No!"}, "commit"=>"Create Message"}
  [1m[35m (0.1ms)[0m  [1m[36mbegin transaction[0m
  [1m[35mSQL (0.3ms)[0m  [1m[32mINSERT INTO "messages" ("script", "created_at", "updated_at") VALUES (?, ?, ?)[0m  [["script", "No!"], ["created_at", "2017-09-05 11:35:30.292497"], ["updated_at", "2017-09-05 11:35:30.292497"]]
  [1m[35m (2.0ms)[0m  [1m[36mcommit transaction[0m
Redirected to http://localhost:3000/messages/2
Completed 302 Found in 7ms (ActiveRecord: 2.4ms)


Started GET "/messages/2" for 127.0.0.1 at 2017-09-05 12:35:30 +0100
Processing by MessagesController#show as HTML
  Parameters: {"id"=>"2"}
  [1m[36mMessage Load (0.2ms)[0m  [1m[34mSELECT  "messages".* FROM "messages" WHERE "messages"."id" = ? LIMIT ?[0m  [["id", 2], ["LIMIT", 1]]
  Rendering messages/show.html.erb within layouts/application
  Rendered messages/show.html.erb within layouts/application (0.8ms)
Completed 200 OK in 25ms (Views: 21.7ms | ActiveRecord: 0.2ms)


Started GET "/messages" for 127.0.0.1 at 2017-09-05 12:35:31 +0100
Processing by MessagesController#index as HTML
  Rendering messages/index.html.erb within layouts/application
  [1m[36mMessage Load (0.2ms)[0m  [1m[34mSELECT "messages".* FROM "messages"[0m
  Rendered messages/index.html.erb within layouts/application (2.2ms)
Completed 200 OK in 27ms (Views: 24.9ms | ActiveRecord: 0.2ms)


Started GET "/" for 127.0.0.1 at 2017-09-05 12:38:03 +0100
  [1m[35m (0.2ms)[0m  [1m[34mSELECT "schema_migrations"."version" FROM "schema_migrations" ORDER BY "schema_migrations"."version" ASC[0m
Processing by WelcomeController#index as HTML
  Rendering welcome/index.html.erb within layouts/application
  [1m[36mQuestion Load (0.2ms)[0m  [1m[34mSELECT "questions".* FROM "questions"[0m
  [1m[36mMessage Load (0.2ms)[0m  [1m[34mSELECT "messages".* FROM "messages"[0m
  Rendered welcome/index.html.erb within layouts/application (11.6ms)
Completed 200 OK in 180ms (Views: 164.5ms | ActiveRecord: 1.3ms)


